<?xml version="1.0" encoding="UTF-8"?>
<coverage generated="1575280679958" clover="3.2.0">
  <project timestamp="1575280679958" name="All files">
    <metrics statements="17" coveredstatements="14" conditionals="8" coveredconditionals="7" methods="6" coveredmethods="3" elements="31" coveredelements="24" complexity="0" loc="17" ncloc="17" packages="1" files="4" classes="4"/>
    <file name="app.js" path="C:\Users\pvlas\Петр\ajs\unit-test\src\js\app.js">
      <metrics statements="8" coveredstatements="8" conditionals="8" coveredconditionals="7" methods="1" coveredmethods="1"/>
      <line num="2" count="3" type="stmt"/>
      <line num="3" count="3" type="cond" truecount="2" falsecount="0"/>
      <line num="4" count="1" type="stmt"/>
      <line num="5" count="2" type="cond" truecount="4" falsecount="0"/>
      <line num="6" count="1" type="stmt"/>
      <line num="7" count="1" type="cond" truecount="1" falsecount="1"/>
      <line num="8" count="1" type="stmt"/>
      <line num="11" count="3" type="stmt"/>
    </file>
    <file name="basic.js" path="C:\Users\pvlas\Петр\ajs\unit-test\src\js\basic.js">
      <metrics statements="4" coveredstatements="4" conditionals="0" coveredconditionals="0" methods="1" coveredmethods="1"/>
      <line num="2" count="1" type="stmt"/>
      <line num="3" count="1" type="stmt"/>
      <line num="4" count="3" type="stmt"/>
      <line num="6" count="1" type="stmt"/>
    </file>
    <file name="http.js" path="C:\Users\pvlas\Петр\ajs\unit-test\src\js\http.js">
      <metrics statements="2" coveredstatements="0" conditionals="0" coveredconditionals="0" methods="2" coveredmethods="0"/>
      <line num="2" count="0" type="stmt"/>
      <line num="6" count="0" type="stmt"/>
    </file>
    <file name="user.js" path="C:\Users\pvlas\Петр\ajs\unit-test\src\js\user.js">
      <metrics statements="3" coveredstatements="2" conditionals="0" coveredconditionals="0" methods="2" coveredmethods="1"/>
      <line num="4" count="1" type="stmt"/>
      <line num="5" count="1" type="stmt"/>
      <line num="10" count="0" type="stmt"/>
    </file>
  </project>
</coverage>
