{"C:\\Users\\pvlas\\Петр\\ajs\\unit-test\\src\\js\\app.js": {"path":"C:\\Users\\pvlas\\Петр\\ajs\\unit-test\\src\\js\\app.js","statementMap":{"0":{"start":{"line":2,"column":21},"end":{"line":2,"column":24}},"1":{"start":{"line":3,"column":6},"end":{"line":9,"column":7}},"2":{"start":{"line":4,"column":8},"end":{"line":4,"column":32}},"3":{"start":{"line":5,"column":13},"end":{"line":9,"column":7}},"4":{"start":{"line":6,"column":8},"end":{"line":6,"column":32}},"5":{"start":{"line":7,"column":13},"end":{"line":9,"column":7}},"6":{"start":{"line":8,"column":8},"end":{"line":8,"column":33}},"7":{"start":{"line":11,"column":6},"end":{"line":11,"column":25}}},"fnMap":{"0":{"name":"heroHealthLevel","decl":{"start":{"line":1,"column":24},"end":{"line":1,"column":39}},"loc":{"start":{"line":1,"column":46},"end":{"line":12,"column":1}},"line":1}},"branchMap":{"0":{"loc":{"start":{"line":3,"column":6},"end":{"line":9,"column":7}},"type":"if","locations":[{"start":{"line":3,"column":6},"end":{"line":9,"column":7}},{"start":{"line":3,"column":6},"end":{"line":9,"column":7}}],"line":3},"1":{"loc":{"start":{"line":5,"column":13},"end":{"line":9,"column":7}},"type":"if","locations":[{"start":{"line":5,"column":13},"end":{"line":9,"column":7}},{"start":{"line":5,"column":13},"end":{"line":9,"column":7}}],"line":5},"2":{"loc":{"start":{"line":5,"column":17},"end":{"line":5,"column":53}},"type":"binary-expr","locations":[{"start":{"line":5,"column":17},"end":{"line":5,"column":33}},{"start":{"line":5,"column":37},"end":{"line":5,"column":53}}],"line":5},"3":{"loc":{"start":{"line":7,"column":13},"end":{"line":9,"column":7}},"type":"if","locations":[{"start":{"line":7,"column":13},"end":{"line":9,"column":7}},{"start":{"line":7,"column":13},"end":{"line":9,"column":7}}],"line":7}},"s":{"0":3,"1":3,"2":1,"3":2,"4":1,"5":1,"6":1,"7":3},"f":{"0":3},"b":{"0":[1,2],"1":[1,1],"2":[2,1],"3":[1,0]},"_coverageSchema":"43e27e138ebf9cfc5966b082cf9a028302ed4184","hash":"7696d125e4c0e04be029edb58e3ff28f7c9b7513"}
,"C:\\Users\\pvlas\\Петр\\ajs\\unit-test\\src\\js\\basic.js": {"path":"C:\\Users\\pvlas\\Петр\\ajs\\unit-test\\src\\js\\basic.js","statementMap":{"0":{"start":{"line":2,"column":15},"end":{"line":2,"column":16}},"1":{"start":{"line":3,"column":2},"end":{"line":5,"column":3}},"2":{"start":{"line":4,"column":4},"end":{"line":4,"column":19}},"3":{"start":{"line":6,"column":2},"end":{"line":6,"column":16}}},"fnMap":{"0":{"name":"sum","decl":{"start":{"line":1,"column":24},"end":{"line":1,"column":27}},"loc":{"start":{"line":1,"column":35},"end":{"line":7,"column":1}},"line":1}},"branchMap":{},"s":{"0":1,"1":1,"2":3,"3":1},"f":{"0":1},"b":{},"_coverageSchema":"43e27e138ebf9cfc5966b082cf9a028302ed4184","hash":"bdc6b93bf403232e47437e5dd0f26ce7f9a2f909"}
,"C:\\Users\\pvlas\\Петр\\ajs\\unit-test\\src\\js\\http.js": {"path":"C:\\Users\\pvlas\\Петр\\ajs\\unit-test\\src\\js\\http.js","statementMap":{"0":{"start":{"line":2,"column":2},"end":{"line":2,"column":23}},"1":{"start":{"line":6,"column":2},"end":{"line":6,"column":23}}},"fnMap":{"0":{"name":"httpGet","decl":{"start":{"line":1,"column":16},"end":{"line":1,"column":23}},"loc":{"start":{"line":1,"column":29},"end":{"line":3,"column":1}},"line":1},"1":{"name":"httpPost","decl":{"start":{"line":5,"column":16},"end":{"line":5,"column":24}},"loc":{"start":{"line":5,"column":30},"end":{"line":7,"column":1}},"line":5}},"branchMap":{},"s":{"0":0,"1":0},"f":{"0":0,"1":0},"b":{},"_coverageSchema":"43e27e138ebf9cfc5966b082cf9a028302ed4184","hash":"635426c8e26c588eb058ad570a5b9c0a656390d3"}
,"C:\\Users\\pvlas\\Петр\\ajs\\unit-test\\src\\js\\user.js": {"path":"C:\\Users\\pvlas\\Петр\\ajs\\unit-test\\src\\js\\user.js","statementMap":{"0":{"start":{"line":4,"column":15},"end":{"line":4,"column":56}},"1":{"start":{"line":5,"column":2},"end":{"line":5,"column":26}},"2":{"start":{"line":10,"column":2},"end":{"line":10,"column":35}}},"fnMap":{"0":{"name":"loadUser","decl":{"start":{"line":3,"column":16},"end":{"line":3,"column":24}},"loc":{"start":{"line":3,"column":29},"end":{"line":6,"column":1}},"line":3},"1":{"name":"saveUser","decl":{"start":{"line":9,"column":16},"end":{"line":9,"column":24}},"loc":{"start":{"line":9,"column":31},"end":{"line":11,"column":1}},"line":9}},"branchMap":{},"s":{"0":1,"1":1,"2":0},"f":{"0":1,"1":0},"b":{},"_coverageSchema":"43e27e138ebf9cfc5966b082cf9a028302ed4184","hash":"3d43efaecbddfdd12977e1a899883012374c6e41"}
}
