TN:
SF:C:\Users\pvlas\Петр\ajs\unit-test\src\js\app.js
FN:1,heroHealthLevel
FNF:1
FNH:1
FNDA:3,heroHealthLevel
DA:2,3
DA:3,3
DA:4,1
DA:5,2
DA:6,1
DA:7,1
DA:8,1
DA:11,3
LF:8
LH:8
BRDA:3,0,0,1
BRDA:3,0,1,2
BRDA:5,1,0,1
BRDA:5,1,1,1
BRDA:5,2,0,2
BRDA:5,2,1,1
BRDA:7,3,0,1
BRDA:7,3,1,0
BRF:8
BRH:7
end_of_record
TN:
SF:C:\Users\pvlas\Петр\ajs\unit-test\src\js\basic.js
FN:1,sum
FNF:1
FNH:1
FNDA:1,sum
DA:2,1
DA:3,1
DA:4,3
DA:6,1
LF:4
LH:4
BRF:0
BRH:0
end_of_record
TN:
SF:C:\Users\pvlas\Петр\ajs\unit-test\src\js\http.js
FN:1,httpGet
FN:5,httpPost
FNF:2
FNH:0
FNDA:0,httpGet
FNDA:0,httpPost
DA:2,0
DA:6,0
LF:2
LH:0
BRF:0
BRH:0
end_of_record
TN:
SF:C:\Users\pvlas\Петр\ajs\unit-test\src\js\user.js
FN:3,loadUser
FN:9,saveUser
FNF:2
FNH:1
FNDA:1,loadUser
FNDA:0,saveUser
DA:4,1
DA:5,1
DA:10,0
LF:3
LH:2
BRF:0
BRH:0
end_of_record
